
#2021-05-05
ssh-keygen -t rsa
echo 'export PATH=$PATH:/root/scripts' >> .bashrc
echo 'eval \"\$\(ssh-agent -s\)\"' >> .bashrc
echo ssh-add /root/.ssh/id_rsa >> .bashrc
echo ip a >> .bashrc
echo df >> .bashrc
echo export '"PS1=\\[\\033[00\;34m\\]\\u\\[\\033[00\;36m\\]@\\[\\033[00\;35m\\]\\h:\\[\\033[01\;37m\\]\\w$\\[\\033[00m\\] "' >> .bashrc
apt-get update
apt-get install git
git clone git@github.com:MichalKorzycki/mikrus-devops.git
ln -s mikrus-devops/scripts/
adduser michal
ln mikrus-devops/.gitconfig
usermod -aG sudo michal
git config --global alias.lilo "log --color --graph --pretty=format:'%Cred%h%Creset -%C(yellow)%d%Creset %s %Cgreen(%cr) %C(bold blue)<%an>%Creset' --abbrev-commit"
apt-get install apt-transport-https ca-certificates curl gnupg lsb-release
curl -fsSL https://download.docker.com/linux/ubuntu/gpg | sudo gpg --dearmor -o /usr/share/keyrings/docker-archive-keyring.gpg
echo \
  "deb [arch=amd64 signed-by=/usr/share/keyrings/docker-archive-keyring.gpg] https://download.docker.com/linux/ubuntu \
  $(lsb_release -cs) stable" | sudo tee /etc/apt/sources.list.d/docker.list > /dev/null
apt-get update
apt-get install docker-ce docker-ce-cli containerd.io
